2025-07-27 15:15:13.250204 - User:   (root@gmail.com) - Path: /admin/
2025-07-27 15:16:28.306793 - User:   (root@gmail.com) - Path: /admin/chats/user/
2025-07-27 15:16:28.456539 - User:   (root@gmail.com) - Path: /admin/jsi18n/
2025-07-27 15:17:39.903262 - User:   (root@gmail.com) - Path: /admin/chats/user/
2025-07-27 15:17:39.937199 - User:   (root@gmail.com) - Path: /admin/jsi18n/
2025-07-27 15:17:54.426335 - User: Anonymous - Path: /api/auth/token/
2025-07-27 15:19:34.043536 - User:   (root@gmail.com) - Path: /admin/chats/message/
2025-07-27 15:19:34.075423 - User:   (root@gmail.com) - Path: /admin/jsi18n/
2025-07-27 15:19:35.783460 - User:   (root@gmail.com) - Path: /admin/chats/conversation/
2025-07-27 15:19:35.821360 - User:   (root@gmail.com) - Path: /admin/jsi18n/
2025-07-27 15:19:37.430364 - User:   (root@gmail.com) - Path: /admin/chats/conversation/add/
2025-07-27 15:19:37.627480 - User:   (root@gmail.com) - Path: /admin/jsi18n/
2025-07-27 15:19:57.582614 - User:   (root@gmail.com) - Path: /admin/chats/user/add/
2025-07-27 15:19:57.673370 - User:   (root@gmail.com) - Path: /admin/jsi18n/
2025-07-27 15:20:03.524214 - User:   (root@gmail.com) - Path: /admin/chats/conversation/add/
2025-07-27 15:20:03.789771 - User:   (root@gmail.com) - Path: /admin/chats/conversation/
2025-07-27 15:20:03.829690 - User:   (root@gmail.com) - Path: /admin/jsi18n/
2025-07-27 15:20:10.207507 - User:   (root@gmail.com) - Path: /admin/chats/conversation/ceefc5ba-0760-417d-a68a-4fe358e379b7/change/
2025-07-27 15:20:10.250393 - User:   (root@gmail.com) - Path: /admin/jsi18n/
2025-07-27 15:20:13.890218 - User:   (root@gmail.com) - Path: /admin/chats/message/
2025-07-27 15:20:13.919141 - User:   (root@gmail.com) - Path: /admin/jsi18n/
2025-07-27 15:20:15.728778 - User:   (root@gmail.com) - Path: /admin/chats/message/add/
2025-07-27 15:20:15.780691 - User:   (root@gmail.com) - Path: /admin/jsi18n/
2025-07-27 15:20:31.334180 - User:   (root@gmail.com) - Path: /admin/chats/message/add/
2025-07-27 15:24:25.989628 - User:   (root@gmail.com) - Path: /admin/chats/message/add/
2025-07-27 15:24:49.588010 - User:   (root@gmail.com) - Path: /admin/
2025-07-27 15:24:52.023217 - User:   (root@gmail.com) - Path: /admin/chats/message/
2025-07-27 15:24:52.070061 - User:   (root@gmail.com) - Path: /admin/jsi18n/
2025-07-27 15:24:53.642270 - User:   (root@gmail.com) - Path: /admin/chats/message/add/
2025-07-27 15:24:53.706119 - User:   (root@gmail.com) - Path: /admin/jsi18n/
2025-07-27 15:25:06.312415 - User:   (root@gmail.com) - Path: /admin/chats/message/add/
2025-07-27 15:34:32.213283 - User:   (root@gmail.com) - Path: /admin/chats/message/add/
2025-07-27 15:34:37.375668 - User:   (root@gmail.com) - Path: /admin/
2025-07-27 15:34:40.261386 - User:   (root@gmail.com) - Path: /admin/chats/message/
2025-07-27 15:34:40.303273 - User:   (root@gmail.com) - Path: /admin/jsi18n/
2025-07-27 15:34:42.136784 - User:   (root@gmail.com) - Path: /admin/chats/message/add/
2025-07-27 15:34:42.174684 - User:   (root@gmail.com) - Path: /admin/jsi18n/
2025-07-27 15:34:51.313795 - User:   (root@gmail.com) - Path: /admin/chats/message/add/
2025-07-27 15:37:34.308111 - User:   (root@gmail.com) - Path: /admin/chats/message/add/
2025-07-27 15:37:38.353896 - User:   (root@gmail.com) - Path: /admin/
2025-07-27 15:37:41.468183 - User:   (root@gmail.com) - Path: /admin/chats/message/
2025-07-27 15:37:41.511069 - User:   (root@gmail.com) - Path: /admin/jsi18n/
2025-07-27 15:37:43.151259 - User:   (root@gmail.com) - Path: /admin/chats/message/add/
2025-07-27 15:37:43.197136 - User:   (root@gmail.com) - Path: /admin/jsi18n/
2025-07-27 15:37:54.693016 - User:   (root@gmail.com) - Path: /admin/chats/message/add/
